# JRE version: Java(TM) SE Runtime Environment (8.0_231-b11) (build 1.8.0_231-b11)
# Java VM: Java HotSpot(TM) 64-Bit Server VM (25.231-b11 mixed mode windows-amd64 compressed oops)
Heap:
 PSYoungGen      total 175104K, used 101576K [0x00000000d6000000, 0x00000000e6680000, 0x0000000100000000)
  eden space 161792K, 62% used [0x00000000d6000000,0x00000000dc332080,0x00000000dfe00000)
  from space 13312K, 0% used [0x00000000dfe00000,0x00000000dfe00000,0x00000000e0b00000)
  to   space 13312K, 0% used [0x00000000e5980000,0x00000000e5980000,0x00000000e6680000)
 ParOldGen       total 74752K, used 13494K [0x0000000082000000, 0x0000000086900000, 0x00000000d6000000)
  object space 74752K, 18% used [0x0000000082000000,0x0000000082d2db60,0x0000000086900000)
 Metaspace       used 41450K, capacity 43610K, committed 43776K, reserved 1089536K
  class space    used 5707K, capacity 6106K, committed 6144K, reserved 1048576K
GC Heap History (10 events):
Event: 2.705 GC heap before
{Heap before GC invocations=7 (full 1):
 PSYoungGen      total 70656K, used 65495K [0x00000000d6000000, 0x00000000df100000, 0x0000000100000000)
  eden space 65536K, 99% used [0x00000000d6000000,0x00000000d9ff5da8,0x00000000da000000)
  from space 5120K, 0% used [0x00000000da000000,0x00000000da000000,0x00000000da500000)
  to   space 8704K, 0% used [0x00000000de880000,0x00000000de880000,0x00000000df100000)
 ParOldGen       total 54272K, used 6604K [0x0000000082000000, 0x0000000085500000, 0x00000000d6000000)
  object space 54272K, 12% used [0x0000000082000000,0x0000000082673248,0x0000000085500000)
 Metaspace       used 22449K, capacity 23368K, committed 23552K, reserved 1069056K
  class space    used 3036K, capacity 3274K, committed 3328K, reserved 1048576K
Event: 2.707 GC heap after
Heap after GC invocations=7 (full 1):
 PSYoungGen      total 108032K, used 3198K [0x00000000d6000000, 0x00000000dec00000, 0x0000000100000000)
  eden space 104448K, 0% used [0x00000000d6000000,0x00000000d6000000,0x00000000dc600000)
  from space 3584K, 89% used [0x00000000de880000,0x00000000deb9fac0,0x00000000dec00000)
  to   space 8704K, 0% used [0x00000000ddb00000,0x00000000ddb00000,0x00000000de380000)
 ParOldGen       total 54272K, used 6604K [0x0000000082000000, 0x0000000085500000, 0x00000000d6000000)
  object space 54272K, 12% used [0x0000000082000000,0x0000000082673248,0x0000000085500000)
 Metaspace       used 22449K, capacity 23368K, committed 23552K, reserved 1069056K
  class space    used 3036K, capacity 3274K, committed 3328K, reserved 1048576K
}
Event: 3.499 GC heap before
{Heap before GC invocations=8 (full 1):
 PSYoungGen      total 108032K, used 107646K [0x00000000d6000000, 0x00000000dec00000, 0x0000000100000000)
  eden space 104448K, 100% used [0x00000000d6000000,0x00000000dc600000,0x00000000dc600000)
  from space 3584K, 89% used [0x00000000de880000,0x00000000deb9fac0,0x00000000dec00000)
  to   space 8704K, 0% used [0x00000000ddb00000,0x00000000ddb00000,0x00000000de380000)
 ParOldGen       total 54272K, used 6604K [0x0000000082000000, 0x0000000085500000, 0x00000000d6000000)
  object space 54272K, 12% used [0x0000000082000000,0x0000000082673248,0x0000000085500000)
 Metaspace       used 27488K, capacity 28858K, committed 28928K, reserved 1075200K
  class space    used 3778K, capacity 4067K, committed 4096K, reserved 1048576K
Event: 3.506 GC heap after
Heap after GC invocations=8 (full 1):
 PSYoungGen      total 134656K, used 8676K [0x00000000d6000000, 0x00000000e1600000, 0x0000000100000000)
  eden space 125952K, 0% used [0x00000000d6000000,0x00000000d6000000,0x00000000ddb00000)
  from space 8704K, 99% used [0x00000000ddb00000,0x00000000de379260,0x00000000de380000)
  to   space 11264K, 0% used [0x00000000e0b00000,0x00000000e0b00000,0x00000000e1600000)
 ParOldGen       total 54272K, used 8762K [0x0000000082000000, 0x0000000085500000, 0x00000000d6000000)
  object space 54272K, 16% used [0x0000000082000000,0x000000008288e9e0,0x0000000085500000)
 Metaspace       used 27488K, capacity 28858K, committed 28928K, reserved 1075200K
  class space    used 3778K, capacity 4067K, committed 4096K, reserved 1048576K
}
Event: 4.098 GC heap before
{Heap before GC invocations=9 (full 1):
 PSYoungGen      total 134656K, used 134628K [0x00000000d6000000, 0x00000000e1600000, 0x0000000100000000)
  eden space 125952K, 100% used [0x00000000d6000000,0x00000000ddb00000,0x00000000ddb00000)
  from space 8704K, 99% used [0x00000000ddb00000,0x00000000de379260,0x00000000de380000)
  to   space 11264K, 0% used [0x00000000e0b00000,0x00000000e0b00000,0x00000000e1600000)
 ParOldGen       total 54272K, used 8778K [0x0000000082000000, 0x0000000085500000, 0x00000000d6000000)
  object space 54272K, 16% used [0x0000000082000000,0x0000000082892bc8,0x0000000085500000)
 Metaspace       used 33036K, capacity 34926K, committed 35072K, reserved 1079296K
  class space    used 4458K, capacity 4801K, committed 4864K, reserved 1048576K
Event: 4.107 GC heap after
Heap after GC invocations=9 (full 1):
 PSYoungGen      total 173056K, used 11235K [0x00000000d6000000, 0x00000000e3b80000, 0x0000000100000000)
  eden space 161792K, 0% used [0x00000000d6000000,0x00000000d6000000,0x00000000dfe00000)
  from space 11264K, 99% used [0x00000000e0b00000,0x00000000e15f8ca8,0x00000000e1600000)
  to   space 13312K, 0% used [0x00000000dfe00000,0x00000000dfe00000,0x00000000e0b00000)
 ParOldGen       total 54272K, used 10258K [0x0000000082000000, 0x0000000085500000, 0x00000000d6000000)
  object space 54272K, 18% used [0x0000000082000000,0x0000000082a04b28,0x0000000085500000)
 Metaspace       used 33036K, capacity 34926K, committed 35072K, reserved 1079296K
  class space    used 4458K, capacity 4801K, committed 4864K, reserved 1048576K
}
Event: 4.139 GC heap before
{Heap before GC invocations=10 (full 1):
 PSYoungGen      total 173056K, used 21304K [0x00000000d6000000, 0x00000000e3b80000, 0x0000000100000000)
  eden space 161792K, 6% used [0x00000000d6000000,0x00000000d69d5580,0x00000000dfe00000)
  from space 11264K, 99% used [0x00000000e0b00000,0x00000000e15f8ca8,0x00000000e1600000)
  to   space 13312K, 0% used [0x00000000dfe00000,0x00000000dfe00000,0x00000000e0b00000)
 ParOldGen       total 54272K, used 10258K [0x0000000082000000, 0x0000000085500000, 0x00000000d6000000)
  object space 54272K, 18% used [0x0000000082000000,0x0000000082a04b28,0x0000000085500000)
 Metaspace       used 33453K, capacity 35344K, committed 35456K, reserved 1079296K
  class space    used 4535K, capacity 4898K, committed 4992K, reserved 1048576K
Event: 4.146 GC heap after
Heap after GC invocations=10 (full 1):
 PSYoungGen      total 175104K, used 7819K [0x00000000d6000000, 0x00000000e6680000, 0x0000000100000000)
  eden space 161792K, 0% used [0x00000000d6000000,0x00000000d6000000,0x00000000dfe00000)
  from space 13312K, 58% used [0x00000000dfe00000,0x00000000e05a2f88,0x00000000e0b00000)
  to   space 13312K, 0% used [0x00000000e5980000,0x00000000e5980000,0x00000000e6680000)
 ParOldGen       total 54272K, used 11474K [0x0000000082000000, 0x0000000085500000, 0x00000000d6000000)
  object space 54272K, 21% used [0x0000000082000000,0x0000000082b34b38,0x0000000085500000)
 Metaspace       used 33453K, capacity 35344K, committed 35456K, reserved 1079296K
  class space    used 4535K, capacity 4898K, committed 4992K, reserved 1048576K
}
Event: 4.146 GC heap before
{Heap before GC invocations=11 (full 2):
 PSYoungGen      total 175104K, used 7819K [0x00000000d6000000, 0x00000000e6680000, 0x0000000100000000)
  eden space 161792K, 0% used [0x00000000d6000000,0x00000000d6000000,0x00000000dfe00000)
  from space 13312K, 58% used [0x00000000dfe00000,0x00000000e05a2f88,0x00000000e0b00000)
  to   space 13312K, 0% used [0x00000000e5980000,0x00000000e5980000,0x00000000e6680000)
 ParOldGen       total 54272K, used 11474K [0x0000000082000000, 0x0000000085500000, 0x00000000d6000000)
  object space 54272K, 21% used [0x0000000082000000,0x0000000082b34b38,0x0000000085500000)
 Metaspace       used 33453K, capacity 35344K, committed 35456K, reserved 1079296K
  class space    used 4535K, capacity 4898K, committed 4992K, reserved 1048576K
Event: 4.202 GC heap after
Heap after GC invocations=11 (full 2):
 PSYoungGen      total 175104K, used 0K [0x00000000d6000000, 0x00000000e6680000, 0x0000000100000000)
  eden space 161792K, 0% used [0x00000000d6000000,0x00000000d6000000,0x00000000dfe00000)
  from space 13312K, 0% used [0x00000000dfe00000,0x00000000dfe00000,0x00000000e0b00000)
  to   space 13312K, 0% used [0x00000000e5980000,0x00000000e5980000,0x00000000e6680000)
 ParOldGen       total 74752K, used 13494K [0x0000000082000000, 0x0000000086900000, 0x00000000d6000000)
  object space 74752K, 18% used [0x0000000082000000,0x0000000082d2db60,0x0000000086900000)
 Metaspace       used 33453K, capacity 35344K, committed 35456K, reserved 1079296K
  class space    used 4535K, capacity 4898K, committed 4992K, reserved 1048576K
}

