# JRE version: Java(TM) SE Runtime Environment (8.0_231-b11) (build 1.8.0_231-b11)
# Java VM: Java HotSpot(TM) 64-Bit Server VM (25.231-b11 mixed mode windows-amd64 compressed oops)
Heap:
 PSYoungGen      total 109056K, used 33705K [0x00000000d6000000, 0x00000000df180000, 0x0000000100000000)
  eden space 98816K, 24% used [0x00000000d6000000,0x00000000d7750f80,0x00000000dc080000)
  from space 10240K, 95% used [0x00000000dc080000,0x00000000dca19740,0x00000000dca80000)
  to   space 10752K, 0% used [0x00000000de700000,0x00000000de700000,0x00000000df180000)
 ParOldGen       total 54784K, used 14691K [0x0000000082000000, 0x0000000085580000, 0x00000000d6000000)
  object space 54784K, 26% used [0x0000000082000000,0x0000000082e58c48,0x0000000085580000)
 Metaspace       used 41978K, capacity 44382K, committed 44544K, reserved 1087488K
  class space    used 5880K, capacity 6338K, committed 6400K, reserved 1048576K
GC Heap History (10 events):
Event: 4.324 GC heap before
{Heap before GC invocations=9 (full 1):
 PSYoungGen      total 70656K, used 67375K [0x00000000d6000000, 0x00000000dd400000, 0x0000000100000000)
  eden space 61440K, 100% used [0x00000000d6000000,0x00000000d9c00000,0x00000000d9c00000)
  from space 9216K, 64% used [0x00000000d9c00000,0x00000000da1cbfa0,0x00000000da500000)
  to   space 9216K, 0% used [0x00000000dcb00000,0x00000000dcb00000,0x00000000dd400000)
 ParOldGen       total 54784K, used 9393K [0x0000000082000000, 0x0000000085580000, 0x00000000d6000000)
  object space 54784K, 17% used [0x0000000082000000,0x000000008292c790,0x0000000085580000)
 Metaspace       used 27809K, capacity 29516K, committed 29568K, reserved 1075200K
  class space    used 3848K, capacity 4192K, committed 4224K, reserved 1048576K
Event: 4.331 GC heap after
Heap after GC invocations=9 (full 1):
 PSYoungGen      total 108032K, used 8321K [0x00000000d6000000, 0x00000000dd480000, 0x0000000100000000)
  eden space 98816K, 0% used [0x00000000d6000000,0x00000000d6000000,0x00000000dc080000)
  from space 9216K, 90% used [0x00000000dcb00000,0x00000000dd320550,0x00000000dd400000)
  to   space 10240K, 0% used [0x00000000dc080000,0x00000000dc080000,0x00000000dca80000)
 ParOldGen       total 54784K, used 9401K [0x0000000082000000, 0x0000000085580000, 0x00000000d6000000)
  object space 54784K, 17% used [0x0000000082000000,0x000000008292e790,0x0000000085580000)
 Metaspace       used 27809K, capacity 29516K, committed 29568K, reserved 1075200K
  class space    used 3848K, capacity 4192K, committed 4224K, reserved 1048576K
}
Event: 4.597 GC heap before
{Heap before GC invocations=10 (full 1):
 PSYoungGen      total 108032K, used 107137K [0x00000000d6000000, 0x00000000dd480000, 0x0000000100000000)
  eden space 98816K, 100% used [0x00000000d6000000,0x00000000dc080000,0x00000000dc080000)
  from space 9216K, 90% used [0x00000000dcb00000,0x00000000dd320550,0x00000000dd400000)
  to   space 10240K, 0% used [0x00000000dc080000,0x00000000dc080000,0x00000000dca80000)
 ParOldGen       total 54784K, used 9401K [0x0000000082000000, 0x0000000085580000, 0x00000000d6000000)
  object space 54784K, 17% used [0x0000000082000000,0x000000008292e790,0x0000000085580000)
 Metaspace       used 30231K, capacity 32070K, committed 32384K, reserved 1077248K
  class space    used 4083K, capacity 4431K, committed 4480K, reserved 1048576K
Event: 4.605 GC heap after
Heap after GC invocations=10 (full 1):
 PSYoungGen      total 109056K, used 6989K [0x00000000d6000000, 0x00000000dd480000, 0x0000000100000000)
  eden space 98816K, 0% used [0x00000000d6000000,0x00000000d6000000,0x00000000dc080000)
  from space 10240K, 68% used [0x00000000dc080000,0x00000000dc753588,0x00000000dca80000)
  to   space 9216K, 0% used [0x00000000dcb00000,0x00000000dcb00000,0x00000000dd400000)
 ParOldGen       total 54784K, used 10589K [0x0000000082000000, 0x0000000085580000, 0x00000000d6000000)
  object space 54784K, 19% used [0x0000000082000000,0x0000000082a57670,0x0000000085580000)
 Metaspace       used 30231K, capacity 32070K, committed 32384K, reserved 1077248K
  class space    used 4083K, capacity 4431K, committed 4480K, reserved 1048576K
}
Event: 5.007 GC heap before
{Heap before GC invocations=11 (full 1):
 PSYoungGen      total 109056K, used 54229K [0x00000000d6000000, 0x00000000dd480000, 0x0000000100000000)
  eden space 98816K, 47% used [0x00000000d6000000,0x00000000d8e21ff0,0x00000000dc080000)
  from space 10240K, 68% used [0x00000000dc080000,0x00000000dc753588,0x00000000dca80000)
  to   space 9216K, 0% used [0x00000000dcb00000,0x00000000dcb00000,0x00000000dd400000)
 ParOldGen       total 54784K, used 10589K [0x0000000082000000, 0x0000000085580000, 0x00000000d6000000)
  object space 54784K, 19% used [0x0000000082000000,0x0000000082a57670,0x0000000085580000)
 Metaspace       used 33405K, capacity 35320K, committed 35456K, reserved 1079296K
  class space    used 4530K, capacity 4910K, committed 4992K, reserved 1048576K
Event: 5.013 GC heap after
Heap after GC invocations=11 (full 1):
 PSYoungGen      total 108032K, used 5054K [0x00000000d6000000, 0x00000000dd480000, 0x0000000100000000)
  eden space 98816K, 0% used [0x00000000d6000000,0x00000000d6000000,0x00000000dc080000)
  from space 9216K, 54% used [0x00000000dcb00000,0x00000000dcfefa58,0x00000000dd400000)
  to   space 10240K, 0% used [0x00000000dc080000,0x00000000dc080000,0x00000000dca80000)
 ParOldGen       total 54784K, used 14765K [0x0000000082000000, 0x0000000085580000, 0x00000000d6000000)
  object space 54784K, 26% used [0x0000000082000000,0x0000000082e6b6d0,0x0000000085580000)
 Metaspace       used 33405K, capacity 35320K, committed 35456K, reserved 1079296K
  class space    used 4530K, capacity 4910K, committed 4992K, reserved 1048576K
}
Event: 5.013 GC heap before
{Heap before GC invocations=12 (full 2):
 PSYoungGen      total 108032K, used 5054K [0x00000000d6000000, 0x00000000dd480000, 0x0000000100000000)
  eden space 98816K, 0% used [0x00000000d6000000,0x00000000d6000000,0x00000000dc080000)
  from space 9216K, 54% used [0x00000000dcb00000,0x00000000dcfefa58,0x00000000dd400000)
  to   space 10240K, 0% used [0x00000000dc080000,0x00000000dc080000,0x00000000dca80000)
 ParOldGen       total 54784K, used 14765K [0x0000000082000000, 0x0000000085580000, 0x00000000d6000000)
  object space 54784K, 26% used [0x0000000082000000,0x0000000082e6b6d0,0x0000000085580000)
 Metaspace       used 33405K, capacity 35320K, committed 35456K, reserved 1079296K
  class space    used 4530K, capacity 4910K, committed 4992K, reserved 1048576K
Event: 5.064 GC heap after
Heap after GC invocations=12 (full 2):
 PSYoungGen      total 108032K, used 0K [0x00000000d6000000, 0x00000000dd480000, 0x0000000100000000)
  eden space 98816K, 0% used [0x00000000d6000000,0x00000000d6000000,0x00000000dc080000)
  from space 9216K, 0% used [0x00000000dcb00000,0x00000000dcb00000,0x00000000dd400000)
  to   space 10240K, 0% used [0x00000000dc080000,0x00000000dc080000,0x00000000dca80000)
 ParOldGen       total 54784K, used 14683K [0x0000000082000000, 0x0000000085580000, 0x00000000d6000000)
  object space 54784K, 26% used [0x0000000082000000,0x0000000082e56c48,0x0000000085580000)
 Metaspace       used 33405K, capacity 35320K, committed 35456K, reserved 1079296K
  class space    used 4530K, capacity 4910K, committed 4992K, reserved 1048576K
}
Event: 5.834 GC heap before
{Heap before GC invocations=13 (full 2):
 PSYoungGen      total 108032K, used 98816K [0x00000000d6000000, 0x00000000dd480000, 0x0000000100000000)
  eden space 98816K, 100% used [0x00000000d6000000,0x00000000dc080000,0x00000000dc080000)
  from space 9216K, 0% used [0x00000000dcb00000,0x00000000dcb00000,0x00000000dd400000)
  to   space 10240K, 0% used [0x00000000dc080000,0x00000000dc080000,0x00000000dca80000)
 ParOldGen       total 54784K, used 14683K [0x0000000082000000, 0x0000000085580000, 0x00000000d6000000)
  object space 54784K, 26% used [0x0000000082000000,0x0000000082e56c48,0x0000000085580000)
 Metaspace       used 40320K, capacity 42602K, committed 42752K, reserved 1085440K
  class space    used 5663K, capacity 6105K, committed 6144K, reserved 1048576K
Event: 5.841 GC heap after
Heap after GC invocations=13 (full 2):
 PSYoungGen      total 109056K, used 9829K [0x00000000d6000000, 0x00000000df180000, 0x0000000100000000)
  eden space 98816K, 0% used [0x00000000d6000000,0x00000000d6000000,0x00000000dc080000)
  from space 10240K, 95% used [0x00000000dc080000,0x00000000dca19740,0x00000000dca80000)
  to   space 10752K, 0% used [0x00000000de700000,0x00000000de700000,0x00000000df180000)
 ParOldGen       total 54784K, used 14691K [0x0000000082000000, 0x0000000085580000, 0x00000000d6000000)
  object space 54784K, 26% used [0x0000000082000000,0x0000000082e58c48,0x0000000085580000)
 Metaspace       used 40320K, capacity 42602K, committed 42752K, reserved 1085440K
  class space    used 5663K, capacity 6105K, committed 6144K, reserved 1048576K
}

