# JRE version: Java(TM) SE Runtime Environment (8.0_231-b11) (build 1.8.0_231-b11)
# Java VM: Java HotSpot(TM) 64-Bit Server VM (25.231-b11 mixed mode windows-amd64 compressed oops)
Heap:
 PSYoungGen      total 71168K, used 4281K [0x00000000d6000000, 0x00000000da980000, 0x0000000100000000)
  eden space 66560K, 6% used [0x00000000d6000000,0x00000000d642e7a8,0x00000000da100000)
  from space 4608K, 0% used [0x00000000da500000,0x00000000da500000,0x00000000da980000)
  to   space 4096K, 0% used [0x00000000da100000,0x00000000da100000,0x00000000da500000)
 ParOldGen       total 51200K, used 4328K [0x0000000082000000, 0x0000000085200000, 0x00000000d6000000)
  object space 51200K, 8% used [0x0000000082000000,0x000000008243a1c0,0x0000000085200000)
 Metaspace       used 21097K, capacity 21850K, committed 22016K, reserved 1075200K
  class space    used 2818K, capacity 3023K, committed 3072K, reserved 1048576K
GC Heap History (10 events):
Event: 2.515 GC heap before
{Heap before GC invocations=38 (full 18):
 PSYoungGen      total 70656K, used 160K [0x00000000d6000000, 0x00000000daa00000, 0x0000000100000000)
  eden space 65536K, 0% used [0x00000000d6000000,0x00000000d6000000,0x00000000da000000)
  from space 5120K, 3% used [0x00000000da500000,0x00000000da528000,0x00000000daa00000)
  to   space 5120K, 0% used [0x00000000da000000,0x00000000da000000,0x00000000da500000)
 ParOldGen       total 51200K, used 4315K [0x0000000082000000, 0x0000000085200000, 0x00000000d6000000)
  object space 51200K, 8% used [0x0000000082000000,0x0000000082436ee0,0x0000000085200000)
 Metaspace       used 20926K, capacity 21570K, committed 21760K, reserved 1081344K
  class space    used 2784K, capacity 2963K, committed 3072K, reserved 1048576K
Event: 2.536 GC heap after
Heap after GC invocations=38 (full 18):
 PSYoungGen      total 70656K, used 0K [0x00000000d6000000, 0x00000000daa00000, 0x0000000100000000)
  eden space 65536K, 0% used [0x00000000d6000000,0x00000000d6000000,0x00000000da000000)
  from space 5120K, 0% used [0x00000000da500000,0x00000000da500000,0x00000000daa00000)
  to   space 5120K, 0% used [0x00000000da000000,0x00000000da000000,0x00000000da500000)
 ParOldGen       total 51200K, used 4370K [0x0000000082000000, 0x0000000085200000, 0x00000000d6000000)
  object space 51200K, 8% used [0x0000000082000000,0x0000000082444a28,0x0000000085200000)
 Metaspace       used 20926K, capacity 21570K, committed 21760K, reserved 1075200K
  class space    used 2784K, capacity 2963K, committed 3072K, reserved 1048576K
}
Event: 2.536 GC heap before
{Heap before GC invocations=39 (full 18):
 PSYoungGen      total 70656K, used 0K [0x00000000d6000000, 0x00000000daa00000, 0x0000000100000000)
  eden space 65536K, 0% used [0x00000000d6000000,0x00000000d6000000,0x00000000da000000)
  from space 5120K, 0% used [0x00000000da500000,0x00000000da500000,0x00000000daa00000)
  to   space 5120K, 0% used [0x00000000da000000,0x00000000da000000,0x00000000da500000)
 ParOldGen       total 51200K, used 4370K [0x0000000082000000, 0x0000000085200000, 0x00000000d6000000)
  object space 51200K, 8% used [0x0000000082000000,0x0000000082444a28,0x0000000085200000)
 Metaspace       used 20926K, capacity 21570K, committed 21760K, reserved 1079296K
  class space    used 2784K, capacity 2963K, committed 3072K, reserved 1048576K
Event: 2.537 GC heap after
Heap after GC invocations=39 (full 18):
 PSYoungGen      total 70656K, used 0K [0x00000000d6000000, 0x00000000daa00000, 0x0000000100000000)
  eden space 65536K, 0% used [0x00000000d6000000,0x00000000d6000000,0x00000000da000000)
  from space 5120K, 0% used [0x00000000da000000,0x00000000da000000,0x00000000da500000)
  to   space 5120K, 0% used [0x00000000da500000,0x00000000da500000,0x00000000daa00000)
 ParOldGen       total 51200K, used 4370K [0x0000000082000000, 0x0000000085200000, 0x00000000d6000000)
  object space 51200K, 8% used [0x0000000082000000,0x0000000082444a28,0x0000000085200000)
 Metaspace       used 20926K, capacity 21570K, committed 21760K, reserved 1079296K
  class space    used 2784K, capacity 2963K, committed 3072K, reserved 1048576K
}
Event: 2.537 GC heap before
{Heap before GC invocations=40 (full 19):
 PSYoungGen      total 70656K, used 0K [0x00000000d6000000, 0x00000000daa00000, 0x0000000100000000)
  eden space 65536K, 0% used [0x00000000d6000000,0x00000000d6000000,0x00000000da000000)
  from space 5120K, 0% used [0x00000000da000000,0x00000000da000000,0x00000000da500000)
  to   space 5120K, 0% used [0x00000000da500000,0x00000000da500000,0x00000000daa00000)
 ParOldGen       total 51200K, used 4370K [0x0000000082000000, 0x0000000085200000, 0x00000000d6000000)
  object space 51200K, 8% used [0x0000000082000000,0x0000000082444a28,0x0000000085200000)
 Metaspace       used 20926K, capacity 21570K, committed 21760K, reserved 1079296K
  class space    used 2784K, capacity 2963K, committed 3072K, reserved 1048576K
Event: 2.558 GC heap after
Heap after GC invocations=40 (full 19):
 PSYoungGen      total 70656K, used 0K [0x00000000d6000000, 0x00000000daa00000, 0x0000000100000000)
  eden space 65536K, 0% used [0x00000000d6000000,0x00000000d6000000,0x00000000da000000)
  from space 5120K, 0% used [0x00000000da000000,0x00000000da000000,0x00000000da500000)
  to   space 5120K, 0% used [0x00000000da500000,0x00000000da500000,0x00000000daa00000)
 ParOldGen       total 51200K, used 4334K [0x0000000082000000, 0x0000000085200000, 0x00000000d6000000)
  object space 51200K, 8% used [0x0000000082000000,0x000000008243b938,0x0000000085200000)
 Metaspace       used 20896K, capacity 21522K, committed 21760K, reserved 1075200K
  class space    used 2779K, capacity 2955K, committed 3072K, reserved 1048576K
}
Event: 2.558 GC heap before
{Heap before GC invocations=41 (full 19):
 PSYoungGen      total 70656K, used 0K [0x00000000d6000000, 0x00000000daa00000, 0x0000000100000000)
  eden space 65536K, 0% used [0x00000000d6000000,0x00000000d6000000,0x00000000da000000)
  from space 5120K, 0% used [0x00000000da000000,0x00000000da000000,0x00000000da500000)
  to   space 5120K, 0% used [0x00000000da500000,0x00000000da500000,0x00000000daa00000)
 ParOldGen       total 51200K, used 4334K [0x0000000082000000, 0x0000000085200000, 0x00000000d6000000)
  object space 51200K, 8% used [0x0000000082000000,0x000000008243b938,0x0000000085200000)
 Metaspace       used 20896K, capacity 21522K, committed 21760K, reserved 1081344K
  class space    used 2779K, capacity 2955K, committed 3072K, reserved 1048576K
Event: 2.559 GC heap after
Heap after GC invocations=41 (full 19):
 PSYoungGen      total 71168K, used 0K [0x00000000d6000000, 0x00000000da980000, 0x0000000100000000)
  eden space 66560K, 0% used [0x00000000d6000000,0x00000000d6000000,0x00000000da100000)
  from space 4608K, 0% used [0x00000000da500000,0x00000000da500000,0x00000000da980000)
  to   space 4096K, 0% used [0x00000000da100000,0x00000000da100000,0x00000000da500000)
 ParOldGen       total 51200K, used 4334K [0x0000000082000000, 0x0000000085200000, 0x00000000d6000000)
  object space 51200K, 8% used [0x0000000082000000,0x000000008243b938,0x0000000085200000)
 Metaspace       used 20896K, capacity 21522K, committed 21760K, reserved 1081344K
  class space    used 2779K, capacity 2955K, committed 3072K, reserved 1048576K
}
Event: 2.559 GC heap before
{Heap before GC invocations=42 (full 20):
 PSYoungGen      total 71168K, used 0K [0x00000000d6000000, 0x00000000da980000, 0x0000000100000000)
  eden space 66560K, 0% used [0x00000000d6000000,0x00000000d6000000,0x00000000da100000)
  from space 4608K, 0% used [0x00000000da500000,0x00000000da500000,0x00000000da980000)
  to   space 4096K, 0% used [0x00000000da100000,0x00000000da100000,0x00000000da500000)
 ParOldGen       total 51200K, used 4334K [0x0000000082000000, 0x0000000085200000, 0x00000000d6000000)
  object space 51200K, 8% used [0x0000000082000000,0x000000008243b938,0x0000000085200000)
 Metaspace       used 20896K, capacity 21522K, committed 21760K, reserved 1081344K
  class space    used 2779K, capacity 2955K, committed 3072K, reserved 1048576K
Event: 2.570 GC heap after
Heap after GC invocations=42 (full 20):
 PSYoungGen      total 71168K, used 0K [0x00000000d6000000, 0x00000000da980000, 0x0000000100000000)
  eden space 66560K, 0% used [0x00000000d6000000,0x00000000d6000000,0x00000000da100000)
  from space 4608K, 0% used [0x00000000da500000,0x00000000da500000,0x00000000da980000)
  to   space 4096K, 0% used [0x00000000da100000,0x00000000da100000,0x00000000da500000)
 ParOldGen       total 51200K, used 4328K [0x0000000082000000, 0x0000000085200000, 0x00000000d6000000)
  object space 51200K, 8% used [0x0000000082000000,0x000000008243a1c0,0x0000000085200000)
 Metaspace       used 20896K, capacity 21522K, committed 21760K, reserved 1075200K
  class space    used 2779K, capacity 2955K, committed 3072K, reserved 1048576K
}

